2023-05-16T17:22:50+00:00 DEBUG tt4b_product_sync: missing access token for tt4b_product_sync
2023-05-16T17:22:50+00:00 DEBUG tt4b_product_sync: missing access token for tt4b_product_sync
2023-05-16T17:22:50+00:00 DEBUG tt4b_product_sync: missing access token for tt4b_product_sync
2023-05-16T17:22:51+00:00 DEBUG tt4b_product_sync: missing access token for tt4b_product_sync
2023-05-16T17:22:51+00:00 DEBUG tt4b_product_sync: missing access token for tt4b_product_sync
2023-05-16T17:22:52+00:00 DEBUG tt4b_product_sync: missing access token for tt4b_product_sync
2023-05-16T17:22:53+00:00 DEBUG tt4b_product_sync: missing access token for tt4b_product_sync
2023-05-16T17:22:53+00:00 DEBUG tt4b_product_sync: missing access token for tt4b_product_sync
2023-05-16T17:22:53+00:00 DEBUG tt4b_product_sync: missing access token for tt4b_product_sync
2023-05-16T17:22:54+00:00 DEBUG tt4b_product_sync: missing access token for tt4b_product_sync
2023-05-16T17:23:04+00:00 DEBUG tt4b_product_sync: missing access token for tt4b_product_sync
2023-05-16T17:23:04+00:00 DEBUG tt4b_product_sync: missing access token for tt4b_product_sync
2023-05-16T17:23:05+00:00 DEBUG tt4b_product_sync: missing access token for tt4b_product_sync
2023-05-16T17:23:06+00:00 DEBUG tt4b_product_sync: missing access token for tt4b_product_sync
2023-05-16T17:23:06+00:00 DEBUG tt4b_product_sync: missing access token for tt4b_product_sync
2023-05-16T17:23:07+00:00 DEBUG tt4b_product_sync: missing access token for tt4b_product_sync
2023-05-16T17:23:08+00:00 DEBUG tt4b_product_sync: missing access token for tt4b_product_sync
2023-05-16T17:23:09+00:00 DEBUG tt4b_product_sync: missing access token for tt4b_product_sync
2023-05-16T17:23:12+00:00 DEBUG tt4b_product_sync: missing access token for tt4b_product_sync
2023-05-16T17:23:13+00:00 DEBUG tt4b_product_sync: missing access token for tt4b_product_sync
2023-05-16T17:23:22+00:00 DEBUG tt4b_product_sync: missing access token for tt4b_product_sync
2023-05-16T17:23:23+00:00 DEBUG tt4b_product_sync: missing access token for tt4b_product_sync
2023-05-16T17:24:10+00:00 DEBUG tt4b_product_sync: missing access token for tt4b_product_sync
2023-05-16T17:25:17+00:00 DEBUG tt4b_product_sync: missing access token for tt4b_product_sync
2023-05-16T17:26:00+00:00 DEBUG Tt4b_Pixel_Class::inject_view_content_event: hit injectViewContentEvent
2023-05-16T17:26:00+00:00 DEBUG Tt4b_Pixel_Class::inject_view_content_event: Missing option "access_token"
2023-05-16T17:26:05+00:00 DEBUG Tt4b_Pixel_Class::inject_add_to_cart_event: hit injectAddToCartEvent
2023-05-16T17:26:05+00:00 DEBUG Tt4b_Pixel_Class::inject_add_to_cart_event: Missing option "access_token"
2023-05-16T17:26:06+00:00 DEBUG Tt4b_Pixel_Class::inject_view_content_event: hit injectViewContentEvent
2023-05-16T17:26:06+00:00 DEBUG Tt4b_Pixel_Class::inject_view_content_event: Missing option "access_token"
2023-05-16T17:26:20+00:00 DEBUG Tt4b_Pixel_Class::inject_add_to_cart_event: hit injectAddToCartEvent
2023-05-16T17:26:20+00:00 DEBUG Tt4b_Pixel_Class::inject_add_to_cart_event: Missing option "access_token"
2023-05-16T17:26:20+00:00 DEBUG Tt4b_Pixel_Class::inject_view_content_event: hit injectViewContentEvent
2023-05-16T17:26:20+00:00 DEBUG Tt4b_Pixel_Class::inject_view_content_event: Missing option "access_token"
2023-05-16T17:26:39+00:00 DEBUG Tt4b_Pixel_Class::inject_start_checkout: hit injectStartCheckout
2023-05-16T17:26:39+00:00 DEBUG Tt4b_Pixel_Class::inject_start_checkout: Missing option "access_token"
2023-05-16T17:40:16+00:00 DEBUG Tt4b_Pixel_Class::inject_add_to_cart_event: hit injectAddToCartEvent
2023-05-16T17:40:16+00:00 DEBUG Tt4b_Pixel_Class::inject_add_to_cart_event: Missing option "access_token"
2023-05-16T17:41:09+00:00 DEBUG Tt4b_Pixel_Class::inject_view_content_event: hit injectViewContentEvent
2023-05-16T17:41:09+00:00 DEBUG Tt4b_Pixel_Class::inject_view_content_event: Missing option "access_token"
2023-05-16T17:41:20+00:00 DEBUG Tt4b_Pixel_Class::inject_add_to_cart_event: hit injectAddToCartEvent
2023-05-16T17:41:20+00:00 DEBUG Tt4b_Pixel_Class::inject_add_to_cart_event: Missing option "access_token"
2023-05-16T17:41:22+00:00 DEBUG Tt4b_Pixel_Class::inject_view_content_event: hit injectViewContentEvent
2023-05-16T17:41:22+00:00 DEBUG Tt4b_Pixel_Class::inject_view_content_event: Missing option "access_token"
2023-05-16T17:41:37+00:00 DEBUG Tt4b_Pixel_Class::inject_start_checkout: hit injectStartCheckout
2023-05-16T17:41:37+00:00 DEBUG Tt4b_Pixel_Class::inject_start_checkout: Missing option "access_token"
2023-05-16T17:44:48+00:00 DEBUG Tt4b_Pixel_Class::inject_start_checkout: hit injectStartCheckout
2023-05-16T17:44:48+00:00 DEBUG Tt4b_Pixel_Class::inject_start_checkout: Missing option "access_token"
2023-05-16T17:48:14+00:00 DEBUG tt4b_product_sync: missing access token for tt4b_product_sync
2023-05-16T17:49:51+00:00 DEBUG tt4b_product_sync: missing access token for tt4b_product_sync
2023-05-16T17:50:07+00:00 DEBUG Tt4b_Pixel_Class::inject_view_content_event: hit injectViewContentEvent
2023-05-16T17:50:07+00:00 DEBUG Tt4b_Pixel_Class::inject_view_content_event: Missing option "access_token"
2023-05-16T17:50:13+00:00 DEBUG Tt4b_Pixel_Class::inject_view_content_event: hit injectViewContentEvent
2023-05-16T17:50:13+00:00 DEBUG Tt4b_Pixel_Class::inject_view_content_event: Missing option "access_token"
2023-05-16T17:50:35+00:00 DEBUG Tt4b_Pixel_Class::inject_view_content_event: hit injectViewContentEvent
2023-05-16T17:50:35+00:00 DEBUG Tt4b_Pixel_Class::inject_view_content_event: Missing option "access_token"
2023-05-16T17:50:57+00:00 DEBUG Tt4b_Pixel_Class::inject_view_content_event: hit injectViewContentEvent
2023-05-16T17:50:57+00:00 DEBUG Tt4b_Pixel_Class::inject_view_content_event: Missing option "access_token"
2023-05-16T17:53:58+00:00 DEBUG Tt4b_Pixel_Class::inject_view_content_event: hit injectViewContentEvent
2023-05-16T17:53:58+00:00 DEBUG Tt4b_Pixel_Class::inject_view_content_event: Missing option "access_token"
2023-05-16T18:00:51+00:00 DEBUG tt4b_product_sync: missing access token for tt4b_product_sync
2023-05-16T18:00:51+00:00 DEBUG tt4b_product_delete: missing access token for tt4b_product_sync
2023-05-16T18:00:51+00:00 DEBUG tt4b_product_sync: missing access token for tt4b_product_sync
2023-05-16T18:00:51+00:00 DEBUG tt4b_product_delete: missing access token for tt4b_product_sync
2023-05-16T18:17:57+00:00 DEBUG tt4b_product_sync: missing access token for tt4b_product_sync
2023-05-16T18:20:26+00:00 DEBUG tt4b_product_sync: missing access token for tt4b_product_sync
2023-05-16T18:21:17+00:00 DEBUG Tt4b_Pixel_Class::inject_view_content_event: hit injectViewContentEvent
2023-05-16T18:21:17+00:00 DEBUG Tt4b_Pixel_Class::inject_view_content_event: Missing option "access_token"
2023-05-16T18:22:12+00:00 DEBUG Tt4b_Pixel_Class::inject_add_to_cart_event: hit injectAddToCartEvent
2023-05-16T18:22:12+00:00 DEBUG Tt4b_Pixel_Class::inject_add_to_cart_event: Missing option "access_token"
2023-05-16T18:22:13+00:00 DEBUG Tt4b_Pixel_Class::inject_view_content_event: hit injectViewContentEvent
2023-05-16T18:22:13+00:00 DEBUG Tt4b_Pixel_Class::inject_view_content_event: Missing option "access_token"
2023-05-16T18:22:37+00:00 DEBUG tt4b_product_sync: missing access token for tt4b_product_sync
2023-05-16T18:24:00+00:00 DEBUG Tt4b_Pixel_Class::inject_view_content_event: hit injectViewContentEvent
2023-05-16T18:24:00+00:00 DEBUG Tt4b_Pixel_Class::inject_view_content_event: Missing option "access_token"
2023-05-16T18:24:09+00:00 DEBUG tt4b_product_sync: missing access token for tt4b_product_sync
2023-05-16T18:24:23+00:00 DEBUG Tt4b_Pixel_Class::inject_view_content_event: hit injectViewContentEvent
2023-05-16T18:24:23+00:00 DEBUG Tt4b_Pixel_Class::inject_view_content_event: Missing option "access_token"
2023-05-16T18:25:44+00:00 DEBUG tt4b_product_sync: missing access token for tt4b_product_sync
2023-05-16T18:25:50+00:00 DEBUG Tt4b_Pixel_Class::inject_add_to_cart_event: hit injectAddToCartEvent
2023-05-16T18:25:50+00:00 DEBUG Tt4b_Pixel_Class::inject_add_to_cart_event: Missing option "access_token"
2023-05-16T18:25:51+00:00 DEBUG Tt4b_Pixel_Class::inject_view_content_event: hit injectViewContentEvent
2023-05-16T18:25:51+00:00 DEBUG Tt4b_Pixel_Class::inject_view_content_event: Missing option "access_token"
2023-05-16T18:26:03+00:00 DEBUG Tt4b_Pixel_Class::inject_view_content_event: hit injectViewContentEvent
2023-05-16T18:26:03+00:00 DEBUG Tt4b_Pixel_Class::inject_view_content_event: Missing option "access_token"
2023-05-16T18:26:45+00:00 DEBUG Tt4b_Pixel_Class::inject_add_to_cart_event: hit injectAddToCartEvent
2023-05-16T18:26:45+00:00 DEBUG Tt4b_Pixel_Class::inject_add_to_cart_event: Missing option "access_token"
2023-05-16T18:26:45+00:00 DEBUG Tt4b_Pixel_Class::inject_view_content_event: hit injectViewContentEvent
2023-05-16T18:26:45+00:00 DEBUG Tt4b_Pixel_Class::inject_view_content_event: Missing option "access_token"
2023-05-16T18:27:46+00:00 DEBUG Tt4b_Pixel_Class::inject_add_to_cart_event: hit injectAddToCartEvent
2023-05-16T18:27:46+00:00 DEBUG Tt4b_Pixel_Class::inject_add_to_cart_event: Missing option "access_token"
2023-05-16T18:30:57+00:00 DEBUG Tt4b_Pixel_Class::inject_start_checkout: hit injectStartCheckout
2023-05-16T18:30:57+00:00 DEBUG Tt4b_Pixel_Class::inject_start_checkout: Missing option "access_token"
2023-05-16T18:33:18+00:00 DEBUG Tt4b_Pixel_Class::inject_start_checkout: hit injectStartCheckout
2023-05-16T18:33:18+00:00 DEBUG Tt4b_Pixel_Class::inject_start_checkout: Missing option "access_token"
2023-05-16T18:33:38+00:00 DEBUG Tt4b_Pixel_Class::inject_start_checkout: hit injectStartCheckout
2023-05-16T18:33:38+00:00 DEBUG Tt4b_Pixel_Class::inject_start_checkout: Missing option "access_token"
2023-05-16T18:34:01+00:00 DEBUG Tt4b_Pixel_Class::inject_start_checkout: hit injectStartCheckout
2023-05-16T18:34:01+00:00 DEBUG Tt4b_Pixel_Class::inject_start_checkout: Missing option "access_token"
2023-05-16T18:34:44+00:00 DEBUG Tt4b_Pixel_Class::inject_start_checkout: hit injectStartCheckout
2023-05-16T18:34:44+00:00 DEBUG Tt4b_Pixel_Class::inject_start_checkout: Missing option "access_token"
2023-05-16T18:35:05+00:00 DEBUG Tt4b_Pixel_Class::inject_start_checkout: hit injectStartCheckout
2023-05-16T18:35:05+00:00 DEBUG Tt4b_Pixel_Class::inject_start_checkout: Missing option "access_token"
2023-05-16T18:36:16+00:00 DEBUG Tt4b_Pixel_Class::inject_purchase_event: hit injectPurchaseEvent
2023-05-16T18:36:16+00:00 DEBUG Tt4b_Pixel_Class::inject_purchase_event: Missing option "access_token"
2023-05-16T18:47:08+00:00 DEBUG tt4b_product_sync: missing access token for tt4b_product_sync
2023-05-16T18:47:58+00:00 DEBUG tt4b_product_sync: missing access token for tt4b_product_sync
2023-05-16T18:48:37+00:00 DEBUG tt4b_product_sync: missing access token for tt4b_product_sync
2023-05-16T18:48:56+00:00 DEBUG tt4b_product_sync: missing access token for tt4b_product_sync
2023-05-16T18:49:01+00:00 DEBUG tt4b_product_sync: missing access token for tt4b_product_sync
2023-05-16T18:49:26+00:00 DEBUG Tt4b_Pixel_Class::inject_add_to_cart_event: hit injectAddToCartEvent
2023-05-16T18:49:26+00:00 DEBUG Tt4b_Pixel_Class::inject_add_to_cart_event: Missing option "access_token"
2023-05-16T18:49:42+00:00 DEBUG Tt4b_Pixel_Class::inject_start_checkout: hit injectStartCheckout
2023-05-16T18:49:42+00:00 DEBUG Tt4b_Pixel_Class::inject_start_checkout: Missing option "access_token"
